app/build/intermediates/manifest_merge_blame_file/debug/manifest-merger-blame-debug-report.txt
1<?xml version="1.0" encoding="utf-8"?>
2<manifest xmlns:android="http://schemas.android.com/apk/res/android"
3    package="com.stonetree.freemoving"
4    android:versionCode="1"
5    android:versionName="1.0" >
6
7    <uses-sdk
8        android:minSdkVersion="24"
8-->src/main/AndroidManifest.xml
9        android:targetSdkVersion="29" />
9-->src/main/AndroidManifest.xml
10
11    <application
11-->src/main/AndroidManifest.xml:5:5-31:19
12        android:name="com.stonetree.freemoving.MainApplication"
12-->src/main/AndroidManifest.xml:6:9-40
13        android:allowBackup="false"
13-->src/main/AndroidManifest.xml:7:9-36
14        android:appComponentFactory="androidx.core.app.CoreComponentFactory"
14-->[androidx.core:core:1.1.0] AndroidManifest.xml:24:18-86
15        android:debuggable="true"
16        android:extractNativeLibs="false"
17        android:icon="@mipmap/ic_launcher"
17-->src/main/AndroidManifest.xml:8:9-43
18        android:label="@string/app_name"
18-->src/main/AndroidManifest.xml:9:9-41
19        android:roundIcon="@mipmap/ic_launcher_round"
19-->src/main/AndroidManifest.xml:10:9-54
20        android:supportsRtl="true"
20-->src/main/AndroidManifest.xml:11:9-35
21        android:testOnly="true"
22        android:theme="@style/AppTheme"
22-->src/main/AndroidManifest.xml:12:9-40
23        android:usesCleartextTraffic="true" >
23-->src/main/AndroidManifest.xml:13:9-44
24        <activity
24-->src/main/AndroidManifest.xml:15:9-27:20
25            android:name="com.stonetree.freemoving.NavigatorActivity"
25-->src/main/AndroidManifest.xml:16:13-46
26            android:launchMode="singleInstance"
26-->src/main/AndroidManifest.xml:17:13-48
27            android:noHistory="true" >
27-->src/main/AndroidManifest.xml:18:13-37
28            <intent-filter>
28-->src/main/AndroidManifest.xml:19:13-26:29
29                <action android:name="android.intent.action.MAIN" />
29-->src/main/AndroidManifest.xml:20:17-69
29-->src/main/AndroidManifest.xml:20:25-66
30                <action android:name="android.intent.action.VIEW" />
30-->src/main/AndroidManifest.xml:21:17-69
30-->src/main/AndroidManifest.xml:21:25-66
31                <action android:name="com.stonetree.imdbnews.NavigatorActivity" />
31-->src/main/AndroidManifest.xml:22:17-83
31-->src/main/AndroidManifest.xml:22:25-80
32
33                <category android:name="android.intent.category.LAUNCHER" />
33-->src/main/AndroidManifest.xml:24:17-77
33-->src/main/AndroidManifest.xml:24:27-74
34                <category android:name="android.intent.category.DEFAULT" />
34-->src/main/AndroidManifest.xml:25:17-76
34-->src/main/AndroidManifest.xml:25:27-73
35            </intent-filter>
36        </activity>
37        <activity android:name="com.stonetree.freemoving.MainActivity" />
37-->src/main/AndroidManifest.xml:29:9-50
37-->src/main/AndroidManifest.xml:29:19-47
38        <activity
38-->[:restclient] AndroidManifest.xml:15:9-24:20
39            android:name="com.stonetree.restclient.feature.view.NetworkErrorActivity"
39-->[:restclient] AndroidManifest.xml:16:13-86
40            android:launchMode="singleInstance"
40-->[:restclient] AndroidManifest.xml:17:13-48
41            android:noHistory="true" >
41-->[:restclient] AndroidManifest.xml:18:13-37
42            <intent-filter>
42-->[:restclient] AndroidManifest.xml:19:13-23:29
43                <action android:name="com.stonetree.restclient.feature.error.NetworkErrorActivity" />
43-->[:restclient] AndroidManifest.xml:20:17-102
43-->[:restclient] AndroidManifest.xml:20:25-99
44
45                <category android:name="android.intent.category.DEFAULT" />
45-->src/main/AndroidManifest.xml:25:17-76
45-->src/main/AndroidManifest.xml:25:27-73
46            </intent-filter>
47        </activity>
48
49        <receiver android:name="com.stonetree.restclient.feature.network.NetworkChangeReceiverImpl" >
49-->[:restclient] AndroidManifest.xml:26:9-30:20
49-->[:restclient] AndroidManifest.xml:26:19-100
50            <intent-filter>
50-->[:restclient] AndroidManifest.xml:27:13-29:29
51                <action android:name="android.net.conn.CONNECTIVITY_CHANGE" />
51-->[:restclient] AndroidManifest.xml:28:17-79
51-->[:restclient] AndroidManifest.xml:28:25-76
52            </intent-filter>
53        </receiver>
54
55        <activity android:name="com.stonetree.view.feature.activity.CoreActivity" />
55-->[:view] AndroidManifest.xml:12:9-85
55-->[:view] AndroidManifest.xml:12:19-82
56    </application>
57
58</manifest>